Temp/gradleOut/launcher/build/outputs/logs/manifest-merger-release-report.txt
-- Merging decision tree log ---
manifest
ADDED from src\main\AndroidManifest.xml:3:1-6:12
INJECTED from src\main\AndroidManifest.xml:3:1-6:12
INJECTED from src\main\AndroidManifest.xml:3:1-6:12
INJECTED from src\main\AndroidManifest.xml:3:1-6:12
MERGED from [:unityLibrary] AndroidManifest.xml:2:1-104:12
MERGED from [com.jakewharton.timber:timber:4.7.1] AndroidManifest.xml:2:1-9:12
MERGED from [androidx.preference:preference-ktx:1.1.1] AndroidManifest.xml:17:1-24:12
MERGED from [:common:] AndroidManifest.xml:2:1-12:12
MERGED from [:JMRServicesSDK:] AndroidManifest.xml:2:1-28:12
MERGED from [:networkconnectionsdk:] AndroidManifest.xml:2:1-10:12
MERGED from [:utility-debug:] AndroidManifest.xml:2:1-11:12
MERGED from [androidx.fragment:fragment-ktx:1.2.4] AndroidManifest.xml:17:1-24:12
MERGED from [androidx.activity:activity-ktx:1.1.0] AndroidManifest.xml:17:1-24:12
MERGED from [androidx.core:core-ktx:1.1.0] AndroidManifest.xml:2:1-9:12
MERGED from [androidx.lifecycle:lifecycle-livedata-core-ktx:2.2.0] AndroidManifest.xml:17:1-24:12
MERGED from [androidx.lifecycle:lifecycle-viewmodel-ktx:2.2.0] AndroidManifest.xml:17:1-24:12
MERGED from [androidx.lifecycle:lifecycle-runtime-ktx:2.2.0] AndroidManifest.xml:17:1-24:12
MERGED from [androidx.preference:preference:1.1.1] AndroidManifest.xml:17:1-24:12
MERGED from [androidx.appcompat:appcompat:1.1.0] AndroidManifest.xml:17:1-24:12
MERGED from [androidx.fragment:fragment:1.2.4] AndroidManifest.xml:17:1-24:12
MERGED from [androidx.recyclerview:recyclerview:1.0.0] AndroidManifest.xml:17:1-22:12
MERGED from [androidx.appcompat:appcompat-resources:1.1.0] AndroidManifest.xml:17:1-24:12
MERGED from [androidx.legacy:legacy-support-core-ui:1.0.0] AndroidManifest.xml:17:1-22:12
MERGED from [androidx.drawerlayout:drawerlayout:1.0.0] AndroidManifest.xml:17:1-22:12
MERGED from [androidx.viewpager:viewpager:1.0.0] AndroidManifest.xml:17:1-22:12
MERGED from [androidx.legacy:legacy-support-core-utils:1.0.0] AndroidManifest.xml:17:1-22:12
MERGED from [androidx.loader:loader:1.0.0] AndroidManifest.xml:17:1-22:12
MERGED from [androidx.activity:activity:1.1.0] AndroidManifest.xml:17:1-24:12
MERGED from [androidx.vectordrawable:vectordrawable-animated:1.1.0] AndroidManifest.xml:17:1-24:12
MERGED from [androidx.vectordrawable:vectordrawable:1.1.0] AndroidManifest.xml:17:1-24:12
MERGED from [androidx.coordinatorlayout:coordinatorlayout:1.0.0] AndroidManifest.xml:17:1-22:12
MERGED from [androidx.slidingpanelayout:slidingpanelayout:1.0.0] AndroidManifest.xml:17:1-22:12
MERGED from [androidx.customview:customview:1.0.0] AndroidManifest.xml:17:1-22:12
MERGED from [androidx.swiperefreshlayout:swiperefreshlayout:1.0.0] AndroidManifest.xml:17:1-22:12
MERGED from [androidx.asynclayoutinflater:asynclayoutinflater:1.0.0] AndroidManifest.xml:17:1-22:12
MERGED from [androidx.core:core:1.1.0] AndroidManifest.xml:17:1-26:12
MERGED from [androidx.cursoradapter:cursoradapter:1.0.0] AndroidManifest.xml:17:1-22:12
MERGED from [androidx.versionedparcelable:versionedparcelable:1.1.0] AndroidManifest.xml:17:1-27:12
MERGED from [androidx.lifecycle:lifecycle-viewmodel-savedstate:2.2.0] AndroidManifest.xml:17:1-24:12
MERGED from [androidx.lifecycle:lifecycle-viewmodel:2.2.0] AndroidManifest.xml:17:1-24:12
MERGED from [androidx.lifecycle:lifecycle-runtime:2.2.0] AndroidManifest.xml:17:1-24:12
MERGED from [androidx.savedstate:savedstate:1.0.0] AndroidManifest.xml:17:1-24:12
MERGED from [androidx.lifecycle:lifecycle-livedata:2.0.0] AndroidManifest.xml:17:1-22:12
MERGED from [androidx.lifecycle:lifecycle-livedata-core:2.2.0] AndroidManifest.xml:17:1-24:12
MERGED from [androidx.arch.core:core-runtime:2.1.0] AndroidManifest.xml:17:1-24:12
MERGED from [androidx.interpolator:interpolator:1.0.0] AndroidManifest.xml:17:1-22:12
MERGED from [androidx.documentfile:documentfile:1.0.0] AndroidManifest.xml:17:1-22:12
MERGED from [androidx.localbroadcastmanager:localbroadcastmanager:1.0.0] AndroidManifest.xml:17:1-22:12
MERGED from [androidx.print:print:1.0.0] AndroidManifest.xml:17:1-22:12
INJECTED from src\main\AndroidManifest.xml:3:1-6:12
INJECTED from src\main\AndroidManifest.xml:3:1-6:12
INJECTED from src\main\AndroidManifest.xml:3:1-6:12
	package
		ADDED from src\main\AndroidManifest.xml:3:70-116
		INJECTED from src\main\AndroidManifest.xml
		INJECTED from src\main\AndroidManifest.xml
	android:versionName
		INJECTED from src\main\AndroidManifest.xml
		ADDED from src\main\AndroidManifest.xml:3:1-6:12
		INJECTED from src\main\AndroidManifest.xml
	xmlns:tools
		ADDED from src\main\AndroidManifest.xml:3:117-163
	android:versionCode
		INJECTED from src\main\AndroidManifest.xml
		ADDED from src\main\AndroidManifest.xml:3:1-6:12
		INJECTED from src\main\AndroidManifest.xml
	xmlns:android
		ADDED from src\main\AndroidManifest.xml:3:11-69
	android:installLocation
		ADDED from src\main\AndroidManifest.xml:3:164-204
supports-screens
ADDED from src\main\AndroidManifest.xml:4:3-163
MERGED from [:unityLibrary] AndroidManifest.xml:13:5-18:40
MERGED from [:unityLibrary] AndroidManifest.xml:13:5-18:40
	android:largeScreens
		ADDED from src\main\AndroidManifest.xml:4:78-105
	android:smallScreens
		ADDED from src\main\AndroidManifest.xml:4:21-48
	android:normalScreens
		ADDED from src\main\AndroidManifest.xml:4:49-77
	android:xlargeScreens
		ADDED from src\main\AndroidManifest.xml:4:106-134
	android:anyDensity
		ADDED from src\main\AndroidManifest.xml:4:135-160
application
ADDED from src\main\AndroidManifest.xml:5:3-83
MERGED from [:unityLibrary] AndroidManifest.xml:62:5-102:19
MERGED from [:unityLibrary] AndroidManifest.xml:62:5-102:19
MERGED from [com.jakewharton.timber:timber:4.7.1] AndroidManifest.xml:7:5-20
MERGED from [com.jakewharton.timber:timber:4.7.1] AndroidManifest.xml:7:5-20
MERGED from [:JMRServicesSDK:] AndroidManifest.xml:10:5-26:19
MERGED from [:JMRServicesSDK:] AndroidManifest.xml:10:5-26:19
MERGED from [androidx.core:core:1.1.0] AndroidManifest.xml:24:5-89
MERGED from [androidx.core:core:1.1.0] AndroidManifest.xml:24:5-89
MERGED from [androidx.versionedparcelable:versionedparcelable:1.1.0] AndroidManifest.xml:24:5-25:19
MERGED from [androidx.versionedparcelable:versionedparcelable:1.1.0] AndroidManifest.xml:24:5-25:19
	android:screenOrientation
		ADDED from [:unityLibrary] AndroidManifest.xml:66:9-46
	android:requestLegacyExternalStorage
		ADDED from [:unityLibrary] AndroidManifest.xml:65:9-52
	android:appComponentFactory
		ADDED from [androidx.core:core:1.1.0] AndroidManifest.xml:24:18-86
	android:label
		ADDED from src\main\AndroidManifest.xml:5:16-48
	android:icon
		ADDED from src\main\AndroidManifest.xml:5:49-80
	android:theme
		ADDED from [:unityLibrary] AndroidManifest.xml:67:9-50
uses-sdk
INJECTED from src\main\AndroidManifest.xml reason: use-sdk injection requested
INJECTED from src\main\AndroidManifest.xml
INJECTED from src\main\AndroidManifest.xml
MERGED from [:unityLibrary] AndroidManifest.xml:9:5-11:41
MERGED from [:unityLibrary] AndroidManifest.xml:9:5-11:41
MERGED from [com.jakewharton.timber:timber:4.7.1] AndroidManifest.xml:5:5-43
MERGED from [com.jakewharton.timber:timber:4.7.1] AndroidManifest.xml:5:5-43
MERGED from [androidx.preference:preference-ktx:1.1.1] AndroidManifest.xml:20:5-22:41
MERGED from [androidx.preference:preference-ktx:1.1.1] AndroidManifest.xml:20:5-22:41
MERGED from [:common:] AndroidManifest.xml:8:5-10:41
MERGED from [:common:] AndroidManifest.xml:8:5-10:41
MERGED from [:JMRServicesSDK:] AndroidManifest.xml:8:5-44
MERGED from [:JMRServicesSDK:] AndroidManifest.xml:8:5-44
MERGED from [:utility-debug:] AndroidManifest.xml:7:5-9:41
MERGED from [:utility-debug:] AndroidManifest.xml:7:5-9:41
MERGED from [androidx.fragment:fragment-ktx:1.2.4] AndroidManifest.xml:20:5-22:41
MERGED from [androidx.fragment:fragment-ktx:1.2.4] AndroidManifest.xml:20:5-22:41
MERGED from [androidx.activity:activity-ktx:1.1.0] AndroidManifest.xml:20:5-22:41
MERGED from [androidx.activity:activity-ktx:1.1.0] AndroidManifest.xml:20:5-22:41
MERGED from [androidx.core:core-ktx:1.1.0] AndroidManifest.xml:5:5-7:41
MERGED from [androidx.core:core-ktx:1.1.0] AndroidManifest.xml:5:5-7:41
MERGED from [androidx.lifecycle:lifecycle-livedata-core-ktx:2.2.0] AndroidManifest.xml:20:5-22:41
MERGED from [androidx.lifecycle:lifecycle-livedata-core-ktx:2.2.0] AndroidManifest.xml:20:5-22:41
MERGED from [androidx.lifecycle:lifecycle-viewmodel-ktx:2.2.0] AndroidManifest.xml:20:5-22:41
MERGED from [androidx.lifecycle:lifecycle-viewmodel-ktx:2.2.0] AndroidManifest.xml:20:5-22:41
MERGED from [androidx.lifecycle:lifecycle-runtime-ktx:2.2.0] AndroidManifest.xml:20:5-22:41
MERGED from [androidx.lifecycle:lifecycle-runtime-ktx:2.2.0] AndroidManifest.xml:20:5-22:41
MERGED from [androidx.preference:preference:1.1.1] AndroidManifest.xml:20:5-22:41
MERGED from [androidx.preference:preference:1.1.1] AndroidManifest.xml:20:5-22:41
MERGED from [androidx.appcompat:appcompat:1.1.0] AndroidManifest.xml:20:5-22:41
MERGED from [androidx.appcompat:appcompat:1.1.0] AndroidManifest.xml:20:5-22:41
MERGED from [androidx.fragment:fragment:1.2.4] AndroidManifest.xml:20:5-22:41
MERGED from [androidx.fragment:fragment:1.2.4] AndroidManifest.xml:20:5-22:41
MERGED from [androidx.recyclerview:recyclerview:1.0.0] AndroidManifest.xml:20:5-44
MERGED from [androidx.recyclerview:recyclerview:1.0.0] AndroidManifest.xml:20:5-44
MERGED from [androidx.appcompat:appcompat-resources:1.1.0] AndroidManifest.xml:20:5-22:41
MERGED from [androidx.appcompat:appcompat-resources:1.1.0] AndroidManifest.xml:20:5-22:41
MERGED from [androidx.legacy:legacy-support-core-ui:1.0.0] AndroidManifest.xml:20:5-44
MERGED from [androidx.legacy:legacy-support-core-ui:1.0.0] AndroidManifest.xml:20:5-44
MERGED from [androidx.drawerlayout:drawerlayout:1.0.0] AndroidManifest.xml:20:5-44
MERGED from [androidx.drawerlayout:drawerlayout:1.0.0] AndroidManifest.xml:20:5-44
MERGED from [androidx.viewpager:viewpager:1.0.0] AndroidManifest.xml:20:5-44
MERGED from [androidx.viewpager:viewpager:1.0.0] AndroidManifest.xml:20:5-44
MERGED from [androidx.legacy:legacy-support-core-utils:1.0.0] AndroidManifest.xml:20:5-44
MERGED from [androidx.legacy:legacy-support-core-utils:1.0.0] AndroidManifest.xml:20:5-44
MERGED from [androidx.loader:loader:1.0.0] AndroidManifest.xml:20:5-44
MERGED from [androidx.loader:loader:1.0.0] AndroidManifest.xml:20:5-44
MERGED from [androidx.activity:activity:1.1.0] AndroidManifest.xml:20:5-22:41
MERGED from [androidx.activity:activity:1.1.0] AndroidManifest.xml:20:5-22:41
MERGED from [androidx.vectordrawable:vectordrawable-animated:1.1.0] AndroidManifest.xml:20:5-22:41
MERGED from [androidx.vectordrawable:vectordrawable-animated:1.1.0] AndroidManifest.xml:20:5-22:41
MERGED from [androidx.vectordrawable:vectordrawable:1.1.0] AndroidManifest.xml:20:5-22:41
MERGED from [androidx.vectordrawable:vectordrawable:1.1.0] AndroidManifest.xml:20:5-22:41
MERGED from [androidx.coordinatorlayout:coordinatorlayout:1.0.0] AndroidManifest.xml:20:5-44
MERGED from [androidx.coordinatorlayout:coordinatorlayout:1.0.0] AndroidManifest.xml:20:5-44
MERGED from [androidx.slidingpanelayout:slidingpanelayout:1.0.0] AndroidManifest.xml:20:5-44
MERGED from [androidx.slidingpanelayout:slidingpanelayout:1.0.0] AndroidManifest.xml:20:5-44
MERGED from [androidx.customview:customview:1.0.0] AndroidManifest.xml:20:5-44
MERGED from [androidx.customview:customview:1.0.0] AndroidManifest.xml:20:5-44
MERGED from [androidx.swiperefreshlayout:swiperefreshlayout:1.0.0] AndroidManifest.xml:20:5-44
MERGED from [androidx.swiperefreshlayout:swiperefreshlayout:1.0.0] AndroidManifest.xml:20:5-44
MERGED from [androidx.asynclayoutinflater:asynclayoutinflater:1.0.0] AndroidManifest.xml:20:5-44
MERGED from [androidx.asynclayoutinflater:asynclayoutinflater:1.0.0] AndroidManifest.xml:20:5-44
MERGED from [androidx.core:core:1.1.0] AndroidManifest.xml:20:5-22:41
MERGED from [androidx.core:core:1.1.0] AndroidManifest.xml:20:5-22:41
MERGED from [androidx.cursoradapter:cursoradapter:1.0.0] AndroidManifest.xml:20:5-44
MERGED from [androidx.cursoradapter:cursoradapter:1.0.0] AndroidManifest.xml:20:5-44
MERGED from [androidx.versionedparcelable:versionedparcelable:1.1.0] AndroidManifest.xml:20:5-22:41
MERGED from [androidx.versionedparcelable:versionedparcelable:1.1.0] AndroidManifest.xml:20:5-22:41
MERGED from [androidx.lifecycle:lifecycle-viewmodel-savedstate:2.2.0] AndroidManifest.xml:20:5-22:41
MERGED from [androidx.lifecycle:lifecycle-viewmodel-savedstate:2.2.0] AndroidManifest.xml:20:5-22:41
MERGED from [androidx.lifecycle:lifecycle-viewmodel:2.2.0] AndroidManifest.xml:20:5-22:41
MERGED from [androidx.lifecycle:lifecycle-viewmodel:2.2.0] AndroidManifest.xml:20:5-22:41
MERGED from [androidx.lifecycle:lifecycle-runtime:2.2.0] AndroidManifest.xml:20:5-22:41
MERGED from [androidx.lifecycle:lifecycle-runtime:2.2.0] AndroidManifest.xml:20:5-22:41
MERGED from [androidx.savedstate:savedstate:1.0.0] AndroidManifest.xml:20:5-22:41
MERGED from [androidx.savedstate:savedstate:1.0.0] AndroidManifest.xml:20:5-22:41
MERGED from [androidx.lifecycle:lifecycle-livedata:2.0.0] AndroidManifest.xml:20:5-44
MERGED from [androidx.lifecycle:lifecycle-livedata:2.0.0] AndroidManifest.xml:20:5-44
MERGED from [androidx.lifecycle:lifecycle-livedata-core:2.2.0] AndroidManifest.xml:20:5-22:41
MERGED from [androidx.lifecycle:lifecycle-livedata-core:2.2.0] AndroidManifest.xml:20:5-22:41
MERGED from [androidx.arch.core:core-runtime:2.1.0] AndroidManifest.xml:20:5-22:41
MERGED from [androidx.arch.core:core-runtime:2.1.0] AndroidManifest.xml:20:5-22:41
MERGED from [androidx.interpolator:interpolator:1.0.0] AndroidManifest.xml:20:5-44
MERGED from [androidx.interpolator:interpolator:1.0.0] AndroidManifest.xml:20:5-44
MERGED from [androidx.documentfile:documentfile:1.0.0] AndroidManifest.xml:20:5-44
MERGED from [androidx.documentfile:documentfile:1.0.0] AndroidManifest.xml:20:5-44
MERGED from [androidx.localbroadcastmanager:localbroadcastmanager:1.0.0] AndroidManifest.xml:20:5-44
MERGED from [androidx.localbroadcastmanager:localbroadcastmanager:1.0.0] AndroidManifest.xml:20:5-44
MERGED from [androidx.print:print:1.0.0] AndroidManifest.xml:20:5-44
MERGED from [androidx.print:print:1.0.0] AndroidManifest.xml:20:5-44
INJECTED from src\main\AndroidManifest.xml
INJECTED from src\main\AndroidManifest.xml
	android:targetSdkVersion
		INJECTED from src\main\AndroidManifest.xml
		ADDED from src\main\AndroidManifest.xml
		INJECTED from src\main\AndroidManifest.xml
	android:minSdkVersion
		INJECTED from src\main\AndroidManifest.xml
		ADDED from src\main\AndroidManifest.xml
		INJECTED from src\main\AndroidManifest.xml
uses-permission#android.permission.RECORD_AUDIO
ADDED from [:unityLibrary] AndroidManifest.xml:24:5-26:31
	tools:node
		ADDED from [:unityLibrary] AndroidManifest.xml:26:9-28
	android:name
		ADDED from [:unityLibrary] AndroidManifest.xml:25:9-55
uses-permission#android.permission.WRITE_EXTERNAL_STORAGE
ADDED from [:unityLibrary] AndroidManifest.xml:27:5-29:31
	tools:node
		ADDED from [:unityLibrary] AndroidManifest.xml:29:9-28
	android:name
		ADDED from [:unityLibrary] AndroidManifest.xml:28:9-65
uses-permission#android.permission.READ_EXTERNAL_STORAGE
ADDED from [:unityLibrary] AndroidManifest.xml:30:5-32:31
	tools:node
		ADDED from [:unityLibrary] AndroidManifest.xml:32:9-28
	android:name
		ADDED from [:unityLibrary] AndroidManifest.xml:31:9-64
uses-permission#android.permission.READ_PHONE_STATE
ADDED from [:unityLibrary] AndroidManifest.xml:33:5-35:31
	tools:node
		ADDED from [:unityLibrary] AndroidManifest.xml:35:9-28
	android:name
		ADDED from [:unityLibrary] AndroidManifest.xml:34:9-59
uses-permission#android.permission.READ_PRIVILEGED_PHONE_STATE
ADDED from [:unityLibrary] AndroidManifest.xml:36:5-38:31
	tools:node
		ADDED from [:unityLibrary] AndroidManifest.xml:38:9-28
	android:name
		ADDED from [:unityLibrary] AndroidManifest.xml:37:9-70
uses-permission#android.permission.WAKE_LOCK
ADDED from [:unityLibrary] AndroidManifest.xml:39:5-68
	android:name
		ADDED from [:unityLibrary] AndroidManifest.xml:39:22-65
uses-feature#0x00030000
ADDED from [:unityLibrary] AndroidManifest.xml:41:5-54
	android:glEsVersion
		ADDED from [:unityLibrary] AndroidManifest.xml:41:19-51
uses-feature#android.hardware.vulkan.version
ADDED from [:unityLibrary] AndroidManifest.xml:42:5-44:36
	android:required
		ADDED from [:unityLibrary] AndroidManifest.xml:44:9-33
	android:name
		ADDED from [:unityLibrary] AndroidManifest.xml:43:9-55
uses-permission#android.permission.MODIFY_AUDIO_SETTINGS
ADDED from [:unityLibrary] AndroidManifest.xml:46:5-80
	android:name
		ADDED from [:unityLibrary] AndroidManifest.xml:46:22-77
uses-permission#android.permission.BLUETOOTH
ADDED from [:unityLibrary] AndroidManifest.xml:47:5-68
	android:name
		ADDED from [:unityLibrary] AndroidManifest.xml:47:22-65
uses-feature#android.hardware.microphone
ADDED from [:unityLibrary] AndroidManifest.xml:49:5-51:36
	android:required
		ADDED from [:unityLibrary] AndroidManifest.xml:51:9-33
	android:name
		ADDED from [:unityLibrary] AndroidManifest.xml:50:9-51
uses-feature#android.hardware.touchscreen
ADDED from [:unityLibrary] AndroidManifest.xml:52:5-54:36
	android:required
		ADDED from [:unityLibrary] AndroidManifest.xml:54:9-33
	android:name
		ADDED from [:unityLibrary] AndroidManifest.xml:53:9-52
uses-feature#android.hardware.touchscreen.multitouch
ADDED from [:unityLibrary] AndroidManifest.xml:55:5-57:36
	android:required
		ADDED from [:unityLibrary] AndroidManifest.xml:57:9-33
	android:name
		ADDED from [:unityLibrary] AndroidManifest.xml:56:9-63
uses-feature#android.hardware.touchscreen.multitouch.distinct
ADDED from [:unityLibrary] AndroidManifest.xml:58:5-60:36
	android:required
		ADDED from [:unityLibrary] AndroidManifest.xml:60:9-33
	android:name
		ADDED from [:unityLibrary] AndroidManifest.xml:59:9-72
activity#com.jiotesseract.mr.sdk.JmrUnityActivity
ADDED from [:unityLibrary] AndroidManifest.xml:68:9-88:20
	android:screenOrientation
		ADDED from [:unityLibrary] AndroidManifest.xml:74:13-51
	android:label
		ADDED from [:unityLibrary] AndroidManifest.xml:72:13-45
	android:launchMode
		ADDED from [:unityLibrary] AndroidManifest.xml:73:13-44
	android:hardwareAccelerated
		ADDED from [:unityLibrary] AndroidManifest.xml:71:13-48
	android:configChanges
		ADDED from [:unityLibrary] AndroidManifest.xml:70:13-194
	android:name
		ADDED from [:unityLibrary] AndroidManifest.xml:69:13-68
intent-filter#action:name:android.intent.action.MAIN+category:name:android.intent.category.LAUNCHER+category:name:tesseract.intent.category.MR_LAUNCHER
ADDED from [:unityLibrary] AndroidManifest.xml:75:13-80:29
action#android.intent.action.MAIN
ADDED from [:unityLibrary] AndroidManifest.xml:76:17-69
	android:name
		ADDED from [:unityLibrary] AndroidManifest.xml:76:25-66
category#android.intent.category.LAUNCHER
ADDED from [:unityLibrary] AndroidManifest.xml:78:17-77
	android:name
		ADDED from [:unityLibrary] AndroidManifest.xml:78:27-74
category#tesseract.intent.category.MR_LAUNCHER
ADDED from [:unityLibrary] AndroidManifest.xml:79:17-82
	android:name
		ADDED from [:unityLibrary] AndroidManifest.xml:79:27-79
meta-data#unityplayer.UnityActivity
ADDED from [:unityLibrary] AndroidManifest.xml:82:13-84:40
	android:value
		ADDED from [:unityLibrary] AndroidManifest.xml:84:17-37
	android:name
		ADDED from [:unityLibrary] AndroidManifest.xml:83:17-57
meta-data#android.notch_support
ADDED from [:unityLibrary] AndroidManifest.xml:85:13-87:40
	android:value
		ADDED from [:unityLibrary] AndroidManifest.xml:87:17-37
	android:name
		ADDED from [:unityLibrary] AndroidManifest.xml:86:17-53
meta-data#unity.splash-mode
ADDED from [:unityLibrary] AndroidManifest.xml:90:9-92:33
	android:value
		ADDED from [:unityLibrary] AndroidManifest.xml:92:13-30
	android:name
		ADDED from [:unityLibrary] AndroidManifest.xml:91:13-45
meta-data#unity.splash-enable
ADDED from [:unityLibrary] AndroidManifest.xml:93:9-95:36
	android:value
		ADDED from [:unityLibrary] AndroidManifest.xml:95:13-33
	android:name
		ADDED from [:unityLibrary] AndroidManifest.xml:94:13-47
meta-data#notch.config
ADDED from [:unityLibrary] AndroidManifest.xml:96:9-98:50
	android:value
		ADDED from [:unityLibrary] AndroidManifest.xml:98:13-47
	android:name
		ADDED from [:unityLibrary] AndroidManifest.xml:97:13-40
meta-data#unity.build-id
ADDED from [:unityLibrary] AndroidManifest.xml:99:9-101:68
	android:value
		ADDED from [:unityLibrary] AndroidManifest.xml:101:13-65
	android:name
		ADDED from [:unityLibrary] AndroidManifest.xml:100:13-42
meta-data#mr_app
ADDED from [:JMRServicesSDK:] AndroidManifest.xml:11:9-13:36
	android:value
		ADDED from [:JMRServicesSDK:] AndroidManifest.xml:13:13-33
	android:name
		ADDED from [:JMRServicesSDK:] AndroidManifest.xml:12:13-34
meta-data#com.jiotesseract.DeviceServiceSDKVersion
ADDED from [:JMRServicesSDK:] AndroidManifest.xml:14:9-16:46
	android:value
		ADDED from [:JMRServicesSDK:] AndroidManifest.xml:16:13-43
	android:name
		ADDED from [:JMRServicesSDK:] AndroidManifest.xml:15:13-68
meta-data#com.jiotesseract.DeviceServiceSDKCodeName
ADDED from [:JMRServicesSDK:] AndroidManifest.xml:17:9-19:46
	android:value
		ADDED from [:JMRServicesSDK:] AndroidManifest.xml:19:13-43
	android:name
		ADDED from [:JMRServicesSDK:] AndroidManifest.xml:18:13-69
meta-data#com.jiotesseract.DeviceServiceSDKAPILevel
ADDED from [:JMRServicesSDK:] AndroidManifest.xml:20:9-22:33
	android:value
		ADDED from [:JMRServicesSDK:] AndroidManifest.xml:22:13-30
	android:name
		ADDED from [:JMRServicesSDK:] AndroidManifest.xml:21:13-69
meta-data#com.jiotesseract.DeviceServiceSDKMinAPILevel
ADDED from [:JMRServicesSDK:] AndroidManifest.xml:23:9-25:33
	android:value
		ADDED from [:JMRServicesSDK:] AndroidManifest.xml:25:13-30
	android:name
		ADDED from [:JMRServicesSDK:] AndroidManifest.xml:24:13-72
uses-permission#android.permission.ACCESS_NETWORK_STATE
ADDED from [:networkconnectionsdk:] AndroidManifest.xml:7:5-79
	android:name
		ADDED from [:networkconnectionsdk:] AndroidManifest.xml:7:22-76
uses-permission#android.permission.INTERNET
ADDED from [:networkconnectionsdk:] AndroidManifest.xml:8:5-67
	android:name
		ADDED from [:networkconnectionsdk:] AndroidManifest.xml:8:22-64